{
  "stats": {
    "suites": 3,
    "tests": 4,
    "passes": 2,
    "pending": 0,
    "failures": 2,
    "testsRegistered": 4,
    "passPercent": 50,
    "pendingPercent": 0,
    "other": 0,
    "hasOther": false,
    "skipped": 0,
    "hasSkipped": false,
    "start": "2023-10-05T18:53:30.067Z",
    "end": "2023-10-05T18:56:55.690Z",
    "duration": 205623
  },
  "results": [
    {
      "uuid": "d19c0a21-3484-42ec-bc44-9729bb983a59",
      "title": "",
      "fullFile": "cypress/integration/features/Analyze Tab.js",
      "file": "cypress/integration/features/Analyze Tab.js",
      "beforeHooks": [],
      "afterHooks": [],
      "tests": [],
      "suites": [
        {
          "uuid": "bc97eee7-e5ab-4f2f-8548-001d00731f96",
          "title": "Tradverse Analyze Page",
          "fullFile": "",
          "file": "",
          "beforeHooks": [],
          "afterHooks": [],
          "tests": [
            {
              "title": "User Analyze",
              "fullTitle": "Tradverse Analyze Page User Analyze",
              "timedOut": null,
              "duration": 42306,
              "state": "passed",
              "speed": "slow",
              "pass": true,
              "fail": false,
              "pending": false,
              "context": null,
              "code": "cy.wait(2000);\ncy.get('#Layer_hamburger').should(\"be.visible\");\ncy.get('#Layer_hamburger').click();\ncy.wait(2000);\ncy.get(':nth-child(4) > .sidebar-link').click(); //Analyze tab add watchlist\n/* cy.get(':nth-child(1) > .watchlist__card > .watchlist__card--head > .btn').click();\n cy.get('.modal--body > :nth-child(1)').type('Test');\n cy.get('.loginbtn > .btn').click();\n cy.wait(1000);\n cy.contains('Test').should('be.visible');\n cy.contains('Test').click();\n   cy.wait(600);\n cy.get(':nth-child(1) > .accordion__item__body > :nth-child(1)').click();\n cy.get(':nth-child(2) > .watchlist__card > .watchlist__card--head > .btn').click();\n cy.wait(600);\n cy.get(':nth-child(1) > .search > .change').click();\n cy.get('.modal--header > .search > .change').type('aapl').type('{enter}');\n cy.get(':nth-child(2) > .custom_checkbox').click();\n cy.get('.primary').click();\n   cy.get(\"img[src='https://cdn-images.traderverse.io/stocks/AAPL_NASDAQ.png']\").should(\"be.visible\");\n cy.wait(2000);\n cy.get('.active > .icon_more > .svg_icon > svg').click();\n cy.get('.watchlist__card--body-item.active > .icon_more > .popover_content > :nth-child(6)').click();\n cy.get('.loginbtn > .btn').click();\n*/\ncy.get(':nth-child(1) > .watchlist__card').should(\"be.visible\"); //Screener\ncy.get('.menu > ul > :nth-child(3) > a').click();\ncy.wait(2000); //Comparer\ncy.get('.menu > ul > :nth-child(5) > a').click();\ncy.wait(2000); //        cy.get('.selectinfoMarketdv').click();\n//        cy.get('.selectitem02').click();\n//        cy.get('.board__list--new > .title').click();\n//         cy.wait(400000);\n//        cy.get('.modal--body > :nth-child(1)').type('Testing')\n//       cy.get('.loginbtn > .btn').click();\n//      cy.get('#searchTextInput').type('aapl');\n//       cy.get('#sc_suggestion > :nth-child(2)').click();\ncy.wait(4000); //Birdseye\ncy.get('.menu > ul > :nth-child(6) > a').click();\ncy.wait(2000); //Charts\n/*\ncy.get('.menu > ul > :nth-child(7) > a').click();\ncy.get(':nth-child(2) > p').click();\ncy.get(':nth-child(1) > .card--chart--detail > .chart_view').should(\"be.visible\");\ncy.get(\"img[src='https://cdn-images.traderverse.io/stocks/MSFT_NASDAQ.png']\").should(\"be.visible\");\ncy.get ('.headingChartDv > .btn').click();\ncy.get('.modal--header > .search > .change').type('aapl').type('{enter}');\ncy.wait(9000);\ncy.get(':nth-child(1) > .custom_checkbox').click();\ncy.wait(6000);\ncy.get('.primary').click();\ncy.wait(10000);\ncy.get(':nth-child(4) > .card--chart--detail > .chart_view > .new_chart_container').should(\"be.visible\");\ncy.get(':nth-child(4) > .card--chart--detail > .chart_view > .p-relative > .svg_icon > svg').click();\ncy.get(':nth-child(4) > .card--chart--detail > .chart_view > .p-relative > .popover_content > :nth-child(2)').click();\ncy.get('.loginbtn > .btn').click();\n*/\ncy.wait(3000); //Paper\ncy.get(':nth-child(9) > a').click();\ncy.get('.articles-content').scrollIntoView().should(\"be.visible\");",
              "err": {},
              "uuid": "f3b8a744-c002-49ab-a866-5821cf950908",
              "parentUUID": "bc97eee7-e5ab-4f2f-8548-001d00731f96",
              "isHook": false,
              "skipped": false
            }
          ],
          "suites": [],
          "passes": [
            "f3b8a744-c002-49ab-a866-5821cf950908"
          ],
          "failures": [],
          "pending": [],
          "skipped": [],
          "duration": 42306,
          "root": false,
          "rootEmpty": false,
          "_timeout": 2000
        }
      ],
      "passes": [],
      "failures": [],
      "pending": [],
      "skipped": [],
      "duration": 0,
      "root": true,
      "rootEmpty": true,
      "_timeout": 2000
    },
    {
      "uuid": "773be2b6-cbd4-4dbd-acc7-27a09ee33568",
      "title": "",
      "fullFile": "cypress/integration/features/Explore.js",
      "file": "cypress/integration/features/Explore.js",
      "beforeHooks": [],
      "afterHooks": [],
      "tests": [],
      "suites": [
        {
          "uuid": "3df6a6fe-0ca3-4bed-925e-86feb44be0bd",
          "title": "Tradverse Explore Page",
          "fullFile": "",
          "file": "",
          "beforeHooks": [],
          "afterHooks": [],
          "tests": [
            {
              "title": "User Explore",
              "fullTitle": "Tradverse Explore Page User Explore",
              "timedOut": null,
              "duration": 71107,
              "state": "failed",
              "speed": null,
              "pass": false,
              "fail": true,
              "pending": false,
              "context": null,
              "code": "cy.wait(2000);\ncy.get('#Layer_hamburger').should(\"be.visible\");\ncy.get('#Layer_hamburger').click();\ncy.wait(2000); //Explore button\ncy.get('.scroll-sidebar > .sidebar-nav > #sidebarnav > :nth-child(3) > .sidebar-link').click();\ncy.wait(5000); //News\ncy.get('.discovery > :nth-child(2)').should(\"be.visible\"); //influencers\ncy.get('[data-v-c998f7c2=\"\"][style=\"cursor: grab;\"]').should(\"be.visible\");\ncy.get(':nth-child(3) > .align-self-baseline > .text--warning').click();\ncy.url().should('include', '/Influencers');\ncy.get('.menu > ul > :nth-child(1) > a').click(); //Companies\ncy.get('.discovery > :nth-child(6)').should(\"be.visible\");\ncy.wait(4000);\ncy.get(':nth-child(5) > .align-self-baseline > .text--warning').click();\ncy.url().should('include', '/Companies');\ncy.get('.menu > ul > :nth-child(1) > a').click(); //Groups\ncy.get('.allinfoGrid.nftsCardGrid').scrollIntoView().should(\"be.visible\");\ncy.get(':nth-child(7) > .align-self-baseline > .text--warning').click();\ncy.url().should('include', '/Groups');\ncy.get('.menu > ul > :nth-child(1) > a').click(); //Stocks -- Take so much time to load\ncy.get('.discovery > :nth-child(10)').scrollIntoView().should(\"be.visible\"); //  cy.get('.discovery--container').scrollIntoView().should(\"be.visible\");\ncy.get(':nth-child(9) > .align-self-baseline > .text--warning').click();\ncy.url().should('include', '/Stocks');\ncy.get('.menu > ul > :nth-child(1) > a').click(); //NFTS\ncy.get('.discovery > :nth-child(12)').scrollIntoView().should(\"be.visible\");\ncy.get(':nth-child(11) > .align-self-baseline > .text--warning').click();\ncy.url().should('include', '/NFTs');\ncy.get('.menu > ul > :nth-child(1) > a').click(); //Crypto\ncy.get('.discovery > :nth-child(14)').scrollIntoView().should(\"be.visible\");\ncy.get(':nth-child(13) > .align-self-baseline > .text--warning').click();\ncy.url().should('include', '/Crypto');\ncy.get('.menu > ul > :nth-child(1) > a').click();",
              "err": {
                "message": "CypressError: Context: Tradverse Explore Page\nTest: User Explore\n----------\nTimed out retrying after 25050ms: `cy.click()` failed because this element is detached from the DOM.\n\n`<span class=\"text--warning mr-10\">View All</span>`\n\nCypress requires elements be attached in the DOM to interact with them.\n\nThe previous command that ran was:\n\n  > `cy.get()`\n\nThis DOM element likely became detached somewhere between the previous and current command.\n\nCommon situations why this happens:\n  - Your JS framework re-rendered asynchronously\n  - Your app code reacted to an event firing and removed the element\n\nYou typically need to re-query for the element or add 'guards' which delay Cypress from running new commands.\n\nhttps://on.cypress.io/element-has-detached-from-dom\n\nNo Custom Message Found\n\n\nhttps://social-dev.traderverse.io/private/feed",
                "estack": "CypressError: Context: Tradverse Explore Page\nTest: User Explore\n----------\nTimed out retrying after 25050ms: `cy.click()` failed because this element is detached from the DOM.\n\n`<span class=\"text--warning mr-10\">View All</span>`\n\nCypress requires elements be attached in the DOM to interact with them.\n\nThe previous command that ran was:\n\n  > `cy.get()`\n\nThis DOM element likely became detached somewhere between the previous and current command.\n\nCommon situations why this happens:\n  - Your JS framework re-rendered asynchronously\n  - Your app code reacted to an event firing and removed the element\n\nYou typically need to re-query for the element or add 'guards' which delay Cypress from running new commands.\n\nhttps://on.cypress.io/element-has-detached-from-dom\n\nNo Custom Message Found\n\n\nhttps://social-dev.traderverse.io/private/feed\nCypressError: Timed out retrying after 25050ms: `cy.click()` failed because this element is detached from the DOM.\n\n`<span class=\"text--warning mr-10\">View All</span>`\n\nCypress requires elements be attached in the DOM to interact with them.\n\nThe previous command that ran was:\n\n  > `cy.get()`\n\nThis DOM element likely became detached somewhere between the previous and current command.\n\nCommon situations why this happens:\n  - Your JS framework re-rendered asynchronously\n  - Your app code reacted to an event firing and removed the element\n\nYou typically need to re-query for the element or add 'guards' which delay Cypress from running new commands.\n\nhttps://on.cypress.io/element-has-detached-from-dom\n    at $Cy.ensureAttached (https://social-dev.traderverse.io/__cypress/runner/cypress_runner.js:160589:85)\n    at runAllChecks (https://social-dev.traderverse.io/__cypress/runner/cypress_runner.js:147824:12)\n    at retryActionability (https://social-dev.traderverse.io/__cypress/runner/cypress_runner.js:147901:16)\n    at tryCatcher (https://social-dev.traderverse.io/__cypress/runner/cypress_runner.js:13212:23)\n    at Function.Promise.attempt.Promise.try (https://social-dev.traderverse.io/__cypress/runner/cypress_runner.js:10486:29)\n    at tryFn (https://social-dev.traderverse.io/__cypress/runner/cypress_runner.js:165383:61)\n    at whenStable (https://social-dev.traderverse.io/__cypress/runner/cypress_runner.js:165422:14)\n    at https://social-dev.traderverse.io/__cypress/runner/cypress_runner.js:164909:18\n    at tryCatcher (https://social-dev.traderverse.io/__cypress/runner/cypress_runner.js:13212:23)\n    at Promise._settlePromiseFromHandler (https://social-dev.traderverse.io/__cypress/runner/cypress_runner.js:11147:31)\n    at Promise._settlePromise (https://social-dev.traderverse.io/__cypress/runner/cypress_runner.js:11204:18)\n    at Promise._settlePromise0 (https://social-dev.traderverse.io/__cypress/runner/cypress_runner.js:11249:10)\n    at Promise._settlePromises (https://social-dev.traderverse.io/__cypress/runner/cypress_runner.js:11329:18)\n    at Promise._fulfill (https://social-dev.traderverse.io/__cypress/runner/cypress_runner.js:11273:18)\n    at https://social-dev.traderverse.io/__cypress/runner/cypress_runner.js:12887:46\nFrom Your Spec Code:\n    at Context.eval (https://social-dev.traderverse.io/__cypress/tests?p=cypress\\integration\\features\\Explore.js:160:70)",
                "diff": null
              },
              "uuid": "18acbd1a-abf2-49a2-9d3e-8b4a3d56475a",
              "parentUUID": "3df6a6fe-0ca3-4bed-925e-86feb44be0bd",
              "isHook": false,
              "skipped": false
            },
            {
              "title": "User Explore Remianing Tabs",
              "fullTitle": "Tradverse Explore Page User Explore Remianing Tabs",
              "timedOut": null,
              "duration": 53647,
              "state": "failed",
              "speed": null,
              "pass": false,
              "fail": true,
              "pending": false,
              "context": null,
              "code": "cy.wait(2000);\ncy.get('#Layer_hamburger').should(\"be.visible\");\ncy.get('#Layer_hamburger').click();\ncy.wait(2000); //Explore button\ncy.get('.scroll-sidebar > .sidebar-nav > #sidebarnav > :nth-child(3) > .sidebar-link').click();\ncy.wait(4000); //Market\ncy.get('.menu > ul > :nth-child(2) > a').click();\ncy.wait(4000);\ncy.get('.SecondsectionDv').should(\"be.visible\"); //sectorRotations\ncy.get('.ThirdsectionDv').scrollIntoView().should(\"be.visible\"); //MarketOverview\ncy.get('.fourthSectionDv > .card > .card-body').scrollIntoView().should(\"be.visible\"); //tansactions\ncy.get('.gridChangedv').scrollIntoView().should(\"be.visible\"); //Gainers\ncy.get('.gridChangeTwodv').scrollIntoView().should(\"be.visible\"); //News\ncy.get('.infothirdDv > .trendsGridItem > :nth-child(1)').scrollIntoView().should(\"be.visible\"); //Paper Tab\ncy.get('.menu > ul > :nth-child(4) > a').click();\ncy.wait(2000);\ncy.get('.container-fluid').should(\"be.visible\"); //News\ncy.get('.menu > ul > :nth-child(5) > a').click();\ncy.wait(1000);\ncy.get('.item01').scrollIntoView().should(\"be.visible\");\ncy.get('.item02').scrollIntoView().should(\"be.visible\"); //trendingtopics\ncy.get('.secondSectionDv').scrollIntoView().should(\"be.visible\");\ncy.get(':nth-child(18) > .itemInfo').click();\ncy.get('.filterAgainstNews > :nth-child(1)').scrollIntoView().should(\"be.visible\");\ncy.get(\"img[src='https://s.yimg.com/cv/apiv2/social/images/yahoo_default_logo-1200x1200.png']\").should(\"be.visible\"); //  cy.get('.secondSectionDv > .gridInfoDv > :nth-child(1)').scrollIntoView().should(\"be.visible\");\n//  cy.get('.secondSectionDv > .gridInfoDv > :nth-child(2)').scrollIntoView().should(\"be.visible\");\n//Contributors\n//  cy.get('.thirdSectionDv').scrollIntoView().should(\"be.visible\");\n//Trends\ncy.get('.menu > ul > :nth-child(6) > a').click();\ncy.get(':nth-child(1) > :nth-child(1) > .card-body').should(\"be.visible\"); //Glossary\ncy.get('.menu > ul > :nth-child(7) > a').click(); //topsearches\n//  cy.get('#searchTextInput').type(\"zero\").type('{enter}');\n//  cy.wait(1000);\n//  cy.get('.mainGridBoxDv').should(\"be.visible\");\n// cy.get('.topSearches').scrollIntoView().should(\"be.visible\");\n//  cy.get('.container-fluid > :nth-child(1) > :nth-child(4)').scrollIntoView().should(\"be.visible\");\n//Wiki\ncy.get(':nth-child(8) > a').click(); //seacrhbars\ncy.get('.SelectionDv').should(\"be.visible\"); //Assests\ncy.get('.CardAllDv').should(\"be.visible\");",
              "err": {
                "message": "AssertionError: Context: Tradverse Explore Page\nTest: User Explore Remianing Tabs\n----------\nTimed out retrying after 25000ms: expected '<div.container-fluid.custom--container>' to be 'visible'\n\nThis element `<div.container-fluid.custom--container>` is not visible because it has an effective width and height of: `1600 x 0` pixels.\n\nNo Custom Message Found\n\n\nhttps://social-dev.traderverse.io/private/feed",
                "estack": "AssertionError: Context: Tradverse Explore Page\nTest: User Explore Remianing Tabs\n----------\nTimed out retrying after 25000ms: expected '<div.container-fluid.custom--container>' to be 'visible'\n\nThis element `<div.container-fluid.custom--container>` is not visible because it has an effective width and height of: `1600 x 0` pixels.\n\nNo Custom Message Found\n\n\nhttps://social-dev.traderverse.io/private/feed\nAssertionError: Timed out retrying after 25000ms: expected '<div.container-fluid.custom--container>' to be 'visible'\n\nThis element `<div.container-fluid.custom--container>` is not visible because it has an effective width and height of: `1600 x 0` pixels.\n    at Context.eval (https://social-dev.traderverse.io/__cypress/tests?p=cypress\\integration\\features\\Explore.js:194:32)",
                "diff": null
              },
              "uuid": "6c7e444f-3945-4cb5-9a34-348fd6596d27",
              "parentUUID": "3df6a6fe-0ca3-4bed-925e-86feb44be0bd",
              "isHook": false,
              "skipped": false
            }
          ],
          "suites": [],
          "passes": [],
          "failures": [
            "18acbd1a-abf2-49a2-9d3e-8b4a3d56475a",
            "6c7e444f-3945-4cb5-9a34-348fd6596d27"
          ],
          "pending": [],
          "skipped": [],
          "duration": 124754,
          "root": false,
          "rootEmpty": false,
          "_timeout": 2000
        }
      ],
      "passes": [],
      "failures": [],
      "pending": [],
      "skipped": [],
      "duration": 0,
      "root": true,
      "rootEmpty": true,
      "_timeout": 2000
    },
    {
      "uuid": "d93ec1ab-f9bd-4707-8bf5-c9522333fec3",
      "title": "",
      "fullFile": "cypress/integration/features/Profile.js",
      "file": "cypress/integration/features/Profile.js",
      "beforeHooks": [],
      "afterHooks": [],
      "tests": [],
      "suites": [
        {
          "uuid": "ca6b4298-c694-40f7-8364-8d015c3abbad",
          "title": "Tradverse User Profiles",
          "fullFile": "",
          "file": "",
          "beforeHooks": [],
          "afterHooks": [],
          "tests": [
            {
              "title": "User Profile",
              "fullTitle": "Tradverse User Profiles User Profile",
              "timedOut": null,
              "duration": 30771,
              "state": "passed",
              "speed": "slow",
              "pass": true,
              "fail": false,
              "pending": false,
              "context": null,
              "code": "cy.get('#Layer_hamburger').click();\ncy.wait(2000);\ncy.get('.m-b-10').click();\ncy.get('.custom--container--sidebar > .card > .card-body').should(\"be.visible\");\ncy.get('.profileAbout > :nth-child(1)').should(\"be.visible\");\ncy.wait(4000);\ncy.get('.menu > ul > :nth-child(2) > a').click();\ncy.get('.coming_soon_container > h6').should(\"be.visible\");\ncy.wait(5000); //Connections\ncy.get('.menu > ul > :nth-child(4) > a').click();\ncy.get('.flex_container').should(\"be.visible\"); //Assets\ncy.get('.menu--container > .menu > ul > :nth-child(5) > a').click();\ncy.get('.coming_soon_container > h6').should(\"be.visible\"); //Investment\ncy.get('.menu--container > .menu > ul > :nth-child(6) > a').click();\ncy.get('.coming_soon_container > h6').should(\"be.visible\"); //Accounts\ncy.get('.menu > ul > :nth-child(7) > a').click();\ncy.get('.profileAbout > .card-body > :nth-child(1)').should(\"be.visible\"); //exchanges row\n// cy.get('.profileAbout > .card-body > :nth-child(2)').scrollIntoView().should(\"be.visible\");\n//wallet row\n// cy.get(':nth-child(3) > .accounts_row').scrollIntoView().should(\"be.visible\");\n//for social stage\n// custom\n// cy.get('.profileAbout > .card-body > :nth-child(6)').scrollIntoView().should(\"be.visible\");\n// purchased\n//  cy.get('.profileAbout > .card-body > :nth-child(7)').scrollIntoView().should(\"be.visible\");\n//Feed\n//          cy.get('.menu > ul > :nth-child(3) > a').click();\n//        cy.get('#Layer_hamburger').click();\n//      cy.wait(3000);\n//    cy.get('.card-body container-post-widgets').should(\"be.visible\");",
              "err": {},
              "uuid": "7a31a418-4866-406c-b2d0-fdb1386d5f28",
              "parentUUID": "ca6b4298-c694-40f7-8364-8d015c3abbad",
              "isHook": false,
              "skipped": false
            }
          ],
          "suites": [],
          "passes": [
            "7a31a418-4866-406c-b2d0-fdb1386d5f28"
          ],
          "failures": [],
          "pending": [],
          "skipped": [],
          "duration": 30771,
          "root": false,
          "rootEmpty": false,
          "_timeout": 2000
        }
      ],
      "passes": [],
      "failures": [],
      "pending": [],
      "skipped": [],
      "duration": 0,
      "root": true,
      "rootEmpty": true,
      "_timeout": 2000
    }
  ],
  "meta": {
    "mocha": {
      "version": "7.0.1"
    },
    "mochawesome": {
      "options": {
        "quiet": false,
        "reportFilename": "mochawesome",
        "saveHtml": true,
        "saveJson": true,
        "consoleReporter": "spec",
        "useInlineDiffs": false,
        "code": true
      },
      "version": "7.1.3"
    },
    "marge": {
      "options": {
        "reportDir": "cypress/reports/merged",
        "overwrite": false,
        "html": true,
        "json": true
      },
      "version": "6.2.0"
    }
  }
}