{
  "stats": {
    "suites": 1,
    "tests": 1,
    "passes": 1,
    "pending": 0,
    "failures": 0,
    "start": "2023-10-05T18:53:30.067Z",
    "end": "2023-10-05T18:54:12.503Z",
    "duration": 42436,
    "testsRegistered": 1,
    "passPercent": 100,
    "pendingPercent": 0,
    "other": 0,
    "hasOther": false,
    "skipped": 0,
    "hasSkipped": false
  },
  "results": [
    {
      "uuid": "d19c0a21-3484-42ec-bc44-9729bb983a59",
      "title": "",
      "fullFile": "cypress/integration/features/Analyze Tab.js",
      "file": "cypress/integration/features/Analyze Tab.js",
      "beforeHooks": [],
      "afterHooks": [],
      "tests": [],
      "suites": [
        {
          "uuid": "bc97eee7-e5ab-4f2f-8548-001d00731f96",
          "title": "Tradverse Analyze Page",
          "fullFile": "",
          "file": "",
          "beforeHooks": [],
          "afterHooks": [],
          "tests": [
            {
              "title": "User Analyze",
              "fullTitle": "Tradverse Analyze Page User Analyze",
              "timedOut": null,
              "duration": 42306,
              "state": "passed",
              "speed": "slow",
              "pass": true,
              "fail": false,
              "pending": false,
              "context": null,
              "code": "cy.wait(2000);\ncy.get('#Layer_hamburger').should(\"be.visible\");\ncy.get('#Layer_hamburger').click();\ncy.wait(2000);\ncy.get(':nth-child(4) > .sidebar-link').click(); //Analyze tab add watchlist\n/* cy.get(':nth-child(1) > .watchlist__card > .watchlist__card--head > .btn').click();\n cy.get('.modal--body > :nth-child(1)').type('Test');\n cy.get('.loginbtn > .btn').click();\n cy.wait(1000);\n cy.contains('Test').should('be.visible');\n cy.contains('Test').click();\n   cy.wait(600);\n cy.get(':nth-child(1) > .accordion__item__body > :nth-child(1)').click();\n cy.get(':nth-child(2) > .watchlist__card > .watchlist__card--head > .btn').click();\n cy.wait(600);\n cy.get(':nth-child(1) > .search > .change').click();\n cy.get('.modal--header > .search > .change').type('aapl').type('{enter}');\n cy.get(':nth-child(2) > .custom_checkbox').click();\n cy.get('.primary').click();\n   cy.get(\"img[src='https://cdn-images.traderverse.io/stocks/AAPL_NASDAQ.png']\").should(\"be.visible\");\n cy.wait(2000);\n cy.get('.active > .icon_more > .svg_icon > svg').click();\n cy.get('.watchlist__card--body-item.active > .icon_more > .popover_content > :nth-child(6)').click();\n cy.get('.loginbtn > .btn').click();\n*/\ncy.get(':nth-child(1) > .watchlist__card').should(\"be.visible\"); //Screener\ncy.get('.menu > ul > :nth-child(3) > a').click();\ncy.wait(2000); //Comparer\ncy.get('.menu > ul > :nth-child(5) > a').click();\ncy.wait(2000); //        cy.get('.selectinfoMarketdv').click();\n//        cy.get('.selectitem02').click();\n//        cy.get('.board__list--new > .title').click();\n//         cy.wait(400000);\n//        cy.get('.modal--body > :nth-child(1)').type('Testing')\n//       cy.get('.loginbtn > .btn').click();\n//      cy.get('#searchTextInput').type('aapl');\n//       cy.get('#sc_suggestion > :nth-child(2)').click();\ncy.wait(4000); //Birdseye\ncy.get('.menu > ul > :nth-child(6) > a').click();\ncy.wait(2000); //Charts\n/*\ncy.get('.menu > ul > :nth-child(7) > a').click();\ncy.get(':nth-child(2) > p').click();\ncy.get(':nth-child(1) > .card--chart--detail > .chart_view').should(\"be.visible\");\ncy.get(\"img[src='https://cdn-images.traderverse.io/stocks/MSFT_NASDAQ.png']\").should(\"be.visible\");\ncy.get ('.headingChartDv > .btn').click();\ncy.get('.modal--header > .search > .change').type('aapl').type('{enter}');\ncy.wait(9000);\ncy.get(':nth-child(1) > .custom_checkbox').click();\ncy.wait(6000);\ncy.get('.primary').click();\ncy.wait(10000);\ncy.get(':nth-child(4) > .card--chart--detail > .chart_view > .new_chart_container').should(\"be.visible\");\ncy.get(':nth-child(4) > .card--chart--detail > .chart_view > .p-relative > .svg_icon > svg').click();\ncy.get(':nth-child(4) > .card--chart--detail > .chart_view > .p-relative > .popover_content > :nth-child(2)').click();\ncy.get('.loginbtn > .btn').click();\n*/\ncy.wait(3000); //Paper\ncy.get(':nth-child(9) > a').click();\ncy.get('.articles-content').scrollIntoView().should(\"be.visible\");",
              "err": {},
              "uuid": "f3b8a744-c002-49ab-a866-5821cf950908",
              "parentUUID": "bc97eee7-e5ab-4f2f-8548-001d00731f96",
              "isHook": false,
              "skipped": false
            }
          ],
          "suites": [],
          "passes": [
            "f3b8a744-c002-49ab-a866-5821cf950908"
          ],
          "failures": [],
          "pending": [],
          "skipped": [],
          "duration": 42306,
          "root": false,
          "rootEmpty": false,
          "_timeout": 2000
        }
      ],
      "passes": [],
      "failures": [],
      "pending": [],
      "skipped": [],
      "duration": 0,
      "root": true,
      "rootEmpty": true,
      "_timeout": 2000
    }
  ],
  "meta": {
    "mocha": {
      "version": "7.0.1"
    },
    "mochawesome": {
      "options": {
        "quiet": false,
        "reportFilename": "mochawesome",
        "saveHtml": true,
        "saveJson": true,
        "consoleReporter": "spec",
        "useInlineDiffs": false,
        "code": true
      },
      "version": "7.1.3"
    },
    "marge": {
      "options": {
        "reportDir": "cypress/reports/merged",
        "overwrite": false,
        "html": true,
        "json": true
      },
      "version": "6.2.0"
    }
  }
}