{
  "stats": {
    "suites": 1,
    "tests": 2,
    "passes": 0,
    "pending": 0,
    "failures": 2,
    "start": "2023-10-05T18:54:17.279Z",
    "end": "2023-10-05T18:56:22.228Z",
    "duration": 124949,
    "testsRegistered": 2,
    "passPercent": 0,
    "pendingPercent": 0,
    "other": 0,
    "hasOther": false,
    "skipped": 0,
    "hasSkipped": false
  },
  "results": [
    {
      "uuid": "773be2b6-cbd4-4dbd-acc7-27a09ee33568",
      "title": "",
      "fullFile": "cypress/integration/features/Explore.js",
      "file": "cypress/integration/features/Explore.js",
      "beforeHooks": [],
      "afterHooks": [],
      "tests": [],
      "suites": [
        {
          "uuid": "3df6a6fe-0ca3-4bed-925e-86feb44be0bd",
          "title": "Tradverse Explore Page",
          "fullFile": "",
          "file": "",
          "beforeHooks": [],
          "afterHooks": [],
          "tests": [
            {
              "title": "User Explore",
              "fullTitle": "Tradverse Explore Page User Explore",
              "timedOut": null,
              "duration": 71107,
              "state": "failed",
              "speed": null,
              "pass": false,
              "fail": true,
              "pending": false,
              "context": null,
              "code": "cy.wait(2000);\ncy.get('#Layer_hamburger').should(\"be.visible\");\ncy.get('#Layer_hamburger').click();\ncy.wait(2000); //Explore button\ncy.get('.scroll-sidebar > .sidebar-nav > #sidebarnav > :nth-child(3) > .sidebar-link').click();\ncy.wait(5000); //News\ncy.get('.discovery > :nth-child(2)').should(\"be.visible\"); //influencers\ncy.get('[data-v-c998f7c2=\"\"][style=\"cursor: grab;\"]').should(\"be.visible\");\ncy.get(':nth-child(3) > .align-self-baseline > .text--warning').click();\ncy.url().should('include', '/Influencers');\ncy.get('.menu > ul > :nth-child(1) > a').click(); //Companies\ncy.get('.discovery > :nth-child(6)').should(\"be.visible\");\ncy.wait(4000);\ncy.get(':nth-child(5) > .align-self-baseline > .text--warning').click();\ncy.url().should('include', '/Companies');\ncy.get('.menu > ul > :nth-child(1) > a').click(); //Groups\ncy.get('.allinfoGrid.nftsCardGrid').scrollIntoView().should(\"be.visible\");\ncy.get(':nth-child(7) > .align-self-baseline > .text--warning').click();\ncy.url().should('include', '/Groups');\ncy.get('.menu > ul > :nth-child(1) > a').click(); //Stocks -- Take so much time to load\ncy.get('.discovery > :nth-child(10)').scrollIntoView().should(\"be.visible\"); //  cy.get('.discovery--container').scrollIntoView().should(\"be.visible\");\ncy.get(':nth-child(9) > .align-self-baseline > .text--warning').click();\ncy.url().should('include', '/Stocks');\ncy.get('.menu > ul > :nth-child(1) > a').click(); //NFTS\ncy.get('.discovery > :nth-child(12)').scrollIntoView().should(\"be.visible\");\ncy.get(':nth-child(11) > .align-self-baseline > .text--warning').click();\ncy.url().should('include', '/NFTs');\ncy.get('.menu > ul > :nth-child(1) > a').click(); //Crypto\ncy.get('.discovery > :nth-child(14)').scrollIntoView().should(\"be.visible\");\ncy.get(':nth-child(13) > .align-self-baseline > .text--warning').click();\ncy.url().should('include', '/Crypto');\ncy.get('.menu > ul > :nth-child(1) > a').click();",
              "err": {
                "message": "CypressError: Context: Tradverse Explore Page\nTest: User Explore\n----------\nTimed out retrying after 25050ms: `cy.click()` failed because this element is detached from the DOM.\n\n`<span class=\"text--warning mr-10\">View All</span>`\n\nCypress requires elements be attached in the DOM to interact with them.\n\nThe previous command that ran was:\n\n  > `cy.get()`\n\nThis DOM element likely became detached somewhere between the previous and current command.\n\nCommon situations why this happens:\n  - Your JS framework re-rendered asynchronously\n  - Your app code reacted to an event firing and removed the element\n\nYou typically need to re-query for the element or add 'guards' which delay Cypress from running new commands.\n\nhttps://on.cypress.io/element-has-detached-from-dom\n\nNo Custom Message Found\n\n\nhttps://social-dev.traderverse.io/private/feed",
                "estack": "CypressError: Context: Tradverse Explore Page\nTest: User Explore\n----------\nTimed out retrying after 25050ms: `cy.click()` failed because this element is detached from the DOM.\n\n`<span class=\"text--warning mr-10\">View All</span>`\n\nCypress requires elements be attached in the DOM to interact with them.\n\nThe previous command that ran was:\n\n  > `cy.get()`\n\nThis DOM element likely became detached somewhere between the previous and current command.\n\nCommon situations why this happens:\n  - Your JS framework re-rendered asynchronously\n  - Your app code reacted to an event firing and removed the element\n\nYou typically need to re-query for the element or add 'guards' which delay Cypress from running new commands.\n\nhttps://on.cypress.io/element-has-detached-from-dom\n\nNo Custom Message Found\n\n\nhttps://social-dev.traderverse.io/private/feed\nCypressError: Timed out retrying after 25050ms: `cy.click()` failed because this element is detached from the DOM.\n\n`<span class=\"text--warning mr-10\">View All</span>`\n\nCypress requires elements be attached in the DOM to interact with them.\n\nThe previous command that ran was:\n\n  > `cy.get()`\n\nThis DOM element likely became detached somewhere between the previous and current command.\n\nCommon situations why this happens:\n  - Your JS framework re-rendered asynchronously\n  - Your app code reacted to an event firing and removed the element\n\nYou typically need to re-query for the element or add 'guards' which delay Cypress from running new commands.\n\nhttps://on.cypress.io/element-has-detached-from-dom\n    at $Cy.ensureAttached (https://social-dev.traderverse.io/__cypress/runner/cypress_runner.js:160589:85)\n    at runAllChecks (https://social-dev.traderverse.io/__cypress/runner/cypress_runner.js:147824:12)\n    at retryActionability (https://social-dev.traderverse.io/__cypress/runner/cypress_runner.js:147901:16)\n    at tryCatcher (https://social-dev.traderverse.io/__cypress/runner/cypress_runner.js:13212:23)\n    at Function.Promise.attempt.Promise.try (https://social-dev.traderverse.io/__cypress/runner/cypress_runner.js:10486:29)\n    at tryFn (https://social-dev.traderverse.io/__cypress/runner/cypress_runner.js:165383:61)\n    at whenStable (https://social-dev.traderverse.io/__cypress/runner/cypress_runner.js:165422:14)\n    at https://social-dev.traderverse.io/__cypress/runner/cypress_runner.js:164909:18\n    at tryCatcher (https://social-dev.traderverse.io/__cypress/runner/cypress_runner.js:13212:23)\n    at Promise._settlePromiseFromHandler (https://social-dev.traderverse.io/__cypress/runner/cypress_runner.js:11147:31)\n    at Promise._settlePromise (https://social-dev.traderverse.io/__cypress/runner/cypress_runner.js:11204:18)\n    at Promise._settlePromise0 (https://social-dev.traderverse.io/__cypress/runner/cypress_runner.js:11249:10)\n    at Promise._settlePromises (https://social-dev.traderverse.io/__cypress/runner/cypress_runner.js:11329:18)\n    at Promise._fulfill (https://social-dev.traderverse.io/__cypress/runner/cypress_runner.js:11273:18)\n    at https://social-dev.traderverse.io/__cypress/runner/cypress_runner.js:12887:46\nFrom Your Spec Code:\n    at Context.eval (https://social-dev.traderverse.io/__cypress/tests?p=cypress\\integration\\features\\Explore.js:160:70)",
                "diff": null
              },
              "uuid": "18acbd1a-abf2-49a2-9d3e-8b4a3d56475a",
              "parentUUID": "3df6a6fe-0ca3-4bed-925e-86feb44be0bd",
              "isHook": false,
              "skipped": false
            },
            {
              "title": "User Explore Remianing Tabs",
              "fullTitle": "Tradverse Explore Page User Explore Remianing Tabs",
              "timedOut": null,
              "duration": 53647,
              "state": "failed",
              "speed": null,
              "pass": false,
              "fail": true,
              "pending": false,
              "context": null,
              "code": "cy.wait(2000);\ncy.get('#Layer_hamburger').should(\"be.visible\");\ncy.get('#Layer_hamburger').click();\ncy.wait(2000); //Explore button\ncy.get('.scroll-sidebar > .sidebar-nav > #sidebarnav > :nth-child(3) > .sidebar-link').click();\ncy.wait(4000); //Market\ncy.get('.menu > ul > :nth-child(2) > a').click();\ncy.wait(4000);\ncy.get('.SecondsectionDv').should(\"be.visible\"); //sectorRotations\ncy.get('.ThirdsectionDv').scrollIntoView().should(\"be.visible\"); //MarketOverview\ncy.get('.fourthSectionDv > .card > .card-body').scrollIntoView().should(\"be.visible\"); //tansactions\ncy.get('.gridChangedv').scrollIntoView().should(\"be.visible\"); //Gainers\ncy.get('.gridChangeTwodv').scrollIntoView().should(\"be.visible\"); //News\ncy.get('.infothirdDv > .trendsGridItem > :nth-child(1)').scrollIntoView().should(\"be.visible\"); //Paper Tab\ncy.get('.menu > ul > :nth-child(4) > a').click();\ncy.wait(2000);\ncy.get('.container-fluid').should(\"be.visible\"); //News\ncy.get('.menu > ul > :nth-child(5) > a').click();\ncy.wait(1000);\ncy.get('.item01').scrollIntoView().should(\"be.visible\");\ncy.get('.item02').scrollIntoView().should(\"be.visible\"); //trendingtopics\ncy.get('.secondSectionDv').scrollIntoView().should(\"be.visible\");\ncy.get(':nth-child(18) > .itemInfo').click();\ncy.get('.filterAgainstNews > :nth-child(1)').scrollIntoView().should(\"be.visible\");\ncy.get(\"img[src='https://s.yimg.com/cv/apiv2/social/images/yahoo_default_logo-1200x1200.png']\").should(\"be.visible\"); //  cy.get('.secondSectionDv > .gridInfoDv > :nth-child(1)').scrollIntoView().should(\"be.visible\");\n//  cy.get('.secondSectionDv > .gridInfoDv > :nth-child(2)').scrollIntoView().should(\"be.visible\");\n//Contributors\n//  cy.get('.thirdSectionDv').scrollIntoView().should(\"be.visible\");\n//Trends\ncy.get('.menu > ul > :nth-child(6) > a').click();\ncy.get(':nth-child(1) > :nth-child(1) > .card-body').should(\"be.visible\"); //Glossary\ncy.get('.menu > ul > :nth-child(7) > a').click(); //topsearches\n//  cy.get('#searchTextInput').type(\"zero\").type('{enter}');\n//  cy.wait(1000);\n//  cy.get('.mainGridBoxDv').should(\"be.visible\");\n// cy.get('.topSearches').scrollIntoView().should(\"be.visible\");\n//  cy.get('.container-fluid > :nth-child(1) > :nth-child(4)').scrollIntoView().should(\"be.visible\");\n//Wiki\ncy.get(':nth-child(8) > a').click(); //seacrhbars\ncy.get('.SelectionDv').should(\"be.visible\"); //Assests\ncy.get('.CardAllDv').should(\"be.visible\");",
              "err": {
                "message": "AssertionError: Context: Tradverse Explore Page\nTest: User Explore Remianing Tabs\n----------\nTimed out retrying after 25000ms: expected '<div.container-fluid.custom--container>' to be 'visible'\n\nThis element `<div.container-fluid.custom--container>` is not visible because it has an effective width and height of: `1600 x 0` pixels.\n\nNo Custom Message Found\n\n\nhttps://social-dev.traderverse.io/private/feed",
                "estack": "AssertionError: Context: Tradverse Explore Page\nTest: User Explore Remianing Tabs\n----------\nTimed out retrying after 25000ms: expected '<div.container-fluid.custom--container>' to be 'visible'\n\nThis element `<div.container-fluid.custom--container>` is not visible because it has an effective width and height of: `1600 x 0` pixels.\n\nNo Custom Message Found\n\n\nhttps://social-dev.traderverse.io/private/feed\nAssertionError: Timed out retrying after 25000ms: expected '<div.container-fluid.custom--container>' to be 'visible'\n\nThis element `<div.container-fluid.custom--container>` is not visible because it has an effective width and height of: `1600 x 0` pixels.\n    at Context.eval (https://social-dev.traderverse.io/__cypress/tests?p=cypress\\integration\\features\\Explore.js:194:32)",
                "diff": null
              },
              "uuid": "6c7e444f-3945-4cb5-9a34-348fd6596d27",
              "parentUUID": "3df6a6fe-0ca3-4bed-925e-86feb44be0bd",
              "isHook": false,
              "skipped": false
            }
          ],
          "suites": [],
          "passes": [],
          "failures": [
            "18acbd1a-abf2-49a2-9d3e-8b4a3d56475a",
            "6c7e444f-3945-4cb5-9a34-348fd6596d27"
          ],
          "pending": [],
          "skipped": [],
          "duration": 124754,
          "root": false,
          "rootEmpty": false,
          "_timeout": 2000
        }
      ],
      "passes": [],
      "failures": [],
      "pending": [],
      "skipped": [],
      "duration": 0,
      "root": true,
      "rootEmpty": true,
      "_timeout": 2000
    }
  ],
  "meta": {
    "mocha": {
      "version": "7.0.1"
    },
    "mochawesome": {
      "options": {
        "quiet": false,
        "reportFilename": "mochawesome",
        "saveHtml": true,
        "saveJson": true,
        "consoleReporter": "spec",
        "useInlineDiffs": false,
        "code": true
      },
      "version": "7.1.3"
    },
    "marge": {
      "options": {
        "reportDir": "cypress/reports/merged",
        "overwrite": false,
        "html": true,
        "json": true
      },
      "version": "6.2.0"
    }
  }
}